
> kusgan-api@1.0.0 dev
> nodemon index.js

[33m[nodemon] 3.1.10[39m
[33m[nodemon] to restart at any time, enter `rs`[39m
[33m[nodemon] watching path(s): *.*[39m
[33m[nodemon] watching extensions: js,mjs,cjs,json[39m
[32m[nodemon] starting `node index.js`[39m
node:events:486
      throw er; // Unhandled 'error' event
      ^

Error: read EIO
    at TTY.onStreamRead (node:internal/stream_base_commons:216:20)
Emitted 'error' event on ReadStream instance at:
    at emitErrorNT (node:internal/streams/destr[32m[nodemon] restarting due to changes...[39m
[32m[nodemon] starting `node index.js`[39m

file:///Users/johannalicup/kusgan-frontend/api/db.js:111
  for (const p of seeds) insert.run(p);
                                ^
SqliteError: UNIQUE constraint failed: products.sku
    at file:///Users/johannalicup/kusgan-frontend/api/db.js:111:33
    at ModuleJob.run (node:internal/modules/esm/module_job:377:25)
    at process.processTicksAndRejections (node:internal/process/task_queues:105:5)
    at async onImport.tracePromise.__proto__ (node:internal/modules/esm/loader:691:26)
    at async asyncRunEntryPointWithESMLoader (node:internal/modules/run_main:101:5) {
  code: 'SQLITE_CONSTRAINT_UNIQUE'
}

Node.js v24.11.0
[31m[nodemon] app crashed - waiting for file changes before starting...[39m
[32m[nodemon] restarting due to changes...[39m
[32m[nodemon] starting `node index.js`[39m
firebase-admin initialized for API server
node:events:486
      throw er; // Unhandled 'error' event
      ^

Error: listen EADDRINUSE: address already in use :::4000
    at Server.setupListenHandle [as _listen2] (node:net:1940:16)
    at listenInCluster (node:net:1997:12)
    at Server.listen (node:net:2102:7)
    at app.listen (/Users/johannalicup/kusgan-frontend/api/node_modules/express/lib/application.js:635:24)
    at file:///Users/johannalicup/kusgan-frontend/api/index.js:264:5
    at ModuleJob.run (node:internal/modules/esm/module_job:377:25)
    at process.processTicksAndRejections (node:internal/process/task_queues:105:5)
    at async onImport.tracePromise.__proto__ (node:internal/modules/esm/loader:691:26)
    at async asyncRunEntryPointWithESMLoader (node:internal/modules/run_main:101:5)
Emitted 'error' event on Server instance at:
    at emitErrorNT (node:net:1976:8)
    at process.processTicksAndRejections (node:internal/process/task_queues:90:21) {
  code: 'EADDRINUSE',
  errno: -48,
  syscall: 'listen',
  address: '::',
  port: 4000
}

Node.js v24.11.0
[31m[nodemon] app crashed - waiting for file changes before starting...[39m
[32m[nodemon] restarting due to changes...[39m
[32m[nodemon] starting `node index.js`[39m
[32m[nodemon] restarting due to changes...[39m
[32m[nodemon] starting `node index.js`[39m
firebase-admin initialized for API server
node:events:486
      throw er; // Unhandled 'error' event
      ^

Error: listen EADDRINUSE: address already in use :::4000
    at Server.setupListenHandle [as _listen2] (node:net:1940:16)
    at listenInCluster (node:net:1997:12)
    at Server.listen (node:net:2102:7)
    at app.listen (/Users/johannalicup/kusgan-frontend/api/node_modules/express/lib/application.js:635:24)
    at file:///Users/johannalicup/kusgan-frontend/api/index.js:264:5
    at ModuleJob.run (node:internal/modules/esm/module_job:377:25)
    at process.processTicksAndRejections (node:internal/process/task_queues:105:5)
    at async onImport.tracePromise.__proto__ (node:internal/modules/esm/loader:691:26)
    at async asyncRunEntryPointWithESMLoader (node:internal/modules/run_main:101:5)
Emitted 'error' event on Server instance at:
    at emitErrorNT (node:net:1976:8)
    at process.processTicksAndRejections (node:internal/process/task_queues:90:21) {
  code: 'EADDRINUSE',
  errno: -48,
  syscall: 'listen',
  address: '::',
  port: 4000
}

Node.js v24.11.0
[31m[nodemon] app crashed - waiting for file changes before starting...[39m
[32m[nodemon] restarting due to changes...[39m
[32m[nodemon] starting `node index.js`[39m
firebase-admin initialized for API server
node:events:486
      throw er; // Unhandled 'error' event
      ^

Error: listen EADDRINUSE: address already in use :::4000
    at Server.setupListenHandle [as _listen2] (node:net:1940:16)
    at listenInCluster (node:net:1997:12)
    at Server.listen (node:net:2102:7)
    at app.listen (/Users/johannalicup/kusgan-frontend/api/node_modules/express/lib/application.js:635:24)
    at file:///Users/johannalicup/kusgan-frontend/api/index.js:264:5
    at ModuleJob.run (node:internal/modules/esm/module_job:377:25)
    at process.processTicksAndRejections (node:internal/process/task_queues:105:5)
    at async onImport.tracePromise.__proto__ (node:internal/modules/esm/loader:691:26)
    at async asyncRunEntryPointWithESMLoader (node:internal/modules/run_main:101:5)
Emitted 'error' event on Server instance at:
    at emitErrorNT (node:net:1976:8)
    at process.processTicksAndRejections (node:internal/process/task_queues:90:21) {
  code: 'EADDRINUSE',
  errno: -48,
  syscall: 'listen',
  address: '::',
  port: 4000
}

Node.js v24.11.0
[31m[nodemon] app crashed - waiting for file changes before starting...[39m
[32m[nodemon] restarting due to changes...[39m
[32m[nodemon] starting `node index.js`[39m
firebase-admin initialized for API server
node:events:486
      throw er; // Unhandled 'error' event
      ^

Error: listen EADDRINUSE: address already in use :::4000
    at Server.setupListenHandle [as _listen2] (node:net:1940:16)
    at listenInCluster (node:net:1997:12)
    at Server.listen (node:net:2102:7)
    at app.listen (/Users/johannalicup/kusgan-frontend/api/node_modules/express/lib/application.js:635:24)
    at file:///Users/johannalicup/kusgan-frontend/api/index.js:346:5
    at ModuleJob.run (node:internal/modules/esm/module_job:377:25)
    at process.processTicksAndRejections (node:internal/process/task_queues:105:5)
    at async onImport.tracePromise.__proto__ (node:internal/modules/esm/loader:691:26)
    at async asyncRunEntryPointWithESMLoader (node:internal/modules/run_main:101:5)
Emitted 'error' event on Server instance at:
    at emitErrorNT (node:net:1976:8)
    at process.processTicksAndRejections (node:internal/process/task_queues:90:21) {
  code: 'EADDRINUSE',
  errno: -48,
  syscall: 'listen',
  address: '::',
  port: 4000
}

Node.js v24.11.0
[31m[nodemon] app crashed - waiting for file changes before starting...[39m
[32m[nodemon] restarting due to changes...[39m
[32m[nodemon] starting `node index.js`[39m
[32m[nodemon] restarting due to changes...[39m
[32m[nodemon] starting `node index.js`[39m
firebase-admin initialized for API server
node:events:486
      throw er; // Unhandled 'error' event
      ^

Error: listen EADDRINUSE: address already in use :::4000
    at Server.setupListenHandle [as _listen2] (node:net:1940:16)
    at listenInCluster (node:net:1997:12)
    at Server.listen (node:net:2102:7)
    at app.listen (/Users/johannalicup/kusgan-frontend/api/node_modules/express/lib/application.js:635:24)
    at file:///Users/johannalicup/kusgan-frontend/api/index.js:346:5
    at ModuleJob.run (node:internal/modules/esm/module_job:377:25)
    at process.processTicksAndRejections (node:internal/process/task_queues:105:5)
    at async onImport.tracePromise.__proto__ (node:internal/modules/esm/loader:691:26)
    at async asyncRunEntryPointWithESMLoader (node:internal/modules/run_main:101:5)
Emitted 'error' event on Server instance at:
    at emitErrorNT (node:net:1976:8)
    at process.processTicksAndRejections (node:internal/process/task_queues:90:21) {
  code: 'EADDRINUSE',
  errno: -48,
  syscall: 'listen',
  address: '::',
  port: 4000
}

Node.js v24.11.0
[31m[nodemon] app crashed - waiting for file changes before starting...[39m
[32m[nodemon] restarting due to changes...[39m
[32m[nodemon] starting `node index.js`[39m
firebase-admin initialized for API server
node:events:486
      throw er; // Unhandled 'error' event
      ^

Error: listen EADDRINUSE: address already in use :::4000
    at Server.setupListenHandle [as _listen2] (node:net:1940:16)
    at listenInCluster (node:net:1997:12)
    at Server.listen (node:net:2102:7)
    at app.listen (/Users/johannalicup/kusgan-frontend/api/node_modules/express/lib/application.js:635:24)
    at file:///Users/johannalicup/kusgan-frontend/api/index.js:346:5
    at ModuleJob.run (node:internal/modules/esm/module_job:377:25)
    at process.processTicksAndRejections (node:internal/process/task_queues:105:5)
    at async onImport.tracePromise.__proto__ (node:internal/modules/esm/loader:691:26)
    at async asyncRunEntryPointWithESMLoader (node:internal/modules/run_main:101:5)
Emitted 'error' event on Server instance at:
    at emitErrorNT (node:net:1976:8)
    at process.processTicksAndRejections (node:internal/process/task_queues:90:21) {
  code: 'EADDRINUSE',
  errno: -48,
  syscall: 'listen',
  address: '::',
  port: 4000
}

Node.js v24.11.0
[31m[nodemon] app crashed - waiting for file changes before starting...[39m
[32m[nodemon] restarting due to changes...[39m
[32m[nodemon] starting `node index.js`[39m
firebase-admin initialized for API server
node:events:486
      throw er; // Unhandled 'error' event
      ^

Error: listen EADDRINUSE: address already in use :::4000
    at Server.setupListenHandle [as _listen2] (node:net:1940:16)
    at listenInCluster (node:net:1997:12)
    at Server.listen (node:net:2102:7)
    at app.listen (/Users/johannalicup/kusgan-frontend/api/node_modules/express/lib/application.js:635:24)
    at file:///Users/johannalicup/kusgan-frontend/api/index.js:305:5
    at ModuleJob.run (node:internal/modules/esm/module_job:377:25)
    at process.processTicksAndRejections (node:internal/process/task_queues:105:5)
    at async onImport.tracePromise.__proto__ (node:internal/modules/esm/loader:691:26)
    at async asyncRunEntryPointWithESMLoader (node:internal/modules/run_main:101:5)
Emitted 'error' event on Server instance at:
    at emitErrorNT (node:net:1976:8)
    at process.processTicksAndRejections (node:internal/process/task_queues:90:21) {
  code: 'EADDRINUSE',
  errno: -48,
  syscall: 'listen',
  address: '::',
  port: 4000
}

Node.js v24.11.0
[31m[nodemon] app crashed - waiting for file changes before starting...[39m
[32m[nodemon] restarting due to changes...[39m
[32m[nodemon] starting `node index.js`[39m
[32m[nodemon] restarting due to changes...[39m
[32m[nodemon] starting `node index.js`[39m
firebase-admin initialized for API server
node:events:486
      throw er; // Unhandled 'error' event
      ^

Error: listen EADDRINUSE: address already in use :::4000
    at Server.setupListenHandle [as _listen2] (node:net:1940:16)
    at listenInCluster (node:net:1997:12)
    at Server.listen (node:net:2102:7)
    at app.listen (/Users/johannalicup/kusgan-frontend/api/node_modules/express/lib/application.js:635:24)
    at file:///Users/johannalicup/kusgan-frontend/api/index.js:305:5
    at ModuleJob.run (node:internal/modules/esm/module_job:377:25)
    at process.processTicksAndRejections (node:internal/process/task_queues:105:5)
    at async onImport.tracePromise.__proto__ (node:internal/modules/esm/loader:691:26)
    at async asyncRunEntryPointWithESMLoader (node:internal/modules/run_main:101:5)
Emitted 'error' event on Server instance at:
    at emitErrorNT (node:net:1976:8)
    at process.processTicksAndRejections (node:internal/process/task_queues:90:21) {
  code: 'EADDRINUSE',
  errno: -48,
  syscall: 'listen',
  address: '::',
  port: 4000
}

Node.js v24.11.0
[31m[nodemon] app crashed - waiting for file changes before starting...[39m
[32m[nodemon] restarting due to changes...[39m
[32m[nodemon] starting `node index.js`[39m
firebase-admin initialized for API server
node:events:486
      throw er; // Unhandled 'error' event
      ^

Error: listen EADDRINUSE: address already in use :::4000
    at Server.setupListenHandle [as _listen2] (node:net:1940:16)
    at listenInCluster (node:net:1997:12)
    at Server.listen (node:net:2102:7)
    at app.listen (/Users/johannalicup/kusgan-frontend/api/node_modules/express/lib/application.js:635:24)
    at file:///Users/johannalicup/kusgan-frontend/api/index.js:340:5
    at ModuleJob.run (node:internal/modules/esm/module_job:377:25)
    at process.processTicksAndRejections (node:internal/process/task_queues:105:5)
    at async onImport.tracePromise.__proto__ (node:internal/modules/esm/loader:691:26)
    at async asyncRunEntryPointWithESMLoader (node:internal/modules/run_main:101:5)
Emitted 'error' event on Server instance at:
    at emitErrorNT (node:net:1976:8)
    at process.processTicksAndRejections (node:internal/process/task_queues:90:21) {
  code: 'EADDRINUSE',
  errno: -48,
  syscall: 'listen',
  address: '::',
  port: 4000
}

Node.js v24.11.0
[31m[nodemon] app crashed - waiting for file changes before starting...[39m
[32m[nodemon] restarting due to changes...[39m
[32m[nodemon] starting `node index.js`[39m
firebase-admin initialized for API server
node:events:486
      throw er; // Unhandled 'error' event
      ^

Error: listen EADDRINUSE: address already in use :::4000
    at Server.setupListenHandle [as _listen2] (node:net:1940:16)
    at listenInCluster (node:net:1997:12)
    at Server.listen (node:net:2102:7)
    at app.listen (/Users/johannalicup/kusgan-frontend/api/node_modules/express/lib/application.js:635:24)
    at file:///Users/johannalicup/kusgan-frontend/api/index.js:340:5
    at ModuleJob.run (node:internal/modules/esm/module_job:377:25)
    at process.processTicksAndRejections (node:internal/process/task_queues:105:5)
    at async onImport.tracePromise.__proto__ (node:internal/modules/esm/loader:691:26)
    at async asyncRunEntryPointWithESMLoader (node:internal/modules/run_main:101:5)
Emitted 'error' event on Server instance at:
    at emitErrorNT (node:net:1976:8)
    at process.processTicksAndRejections (node:internal/process/task_queues:90:21) {
  code: 'EADDRINUSE',
  errno: -48,
  syscall: 'listen',
  address: '::',
  port: 4000
}

Node.js v24.11.0
[31m[nodemon] app crashed - waiting for file changes before starting...[39m
[32m[nodemon] restarting due to changes...[39m
[32m[nodemon] starting `node index.js`[39m
firebase-admin initialized for API server
node:events:486
      throw er; // Unhandled 'error' event
      ^

Error: listen EADDRINUSE: address already in use :::4000
    at Server.setupListenHandle [as _listen2] (node:net:1940:16)
    at listenInCluster (node:net:1997:12)
    at Server.listen (node:net:2102:7)
    at app.listen (/Users/johannalicup/kusgan-frontend/api/node_modules/express/lib/application.js:635:24)
    at file:///Users/johannalicup/kusgan-frontend/api/index.js:351:5
    at ModuleJob.run (node:internal/modules/esm/module_job:377:25)
    at process.processTicksAndRejections (node:internal/process/task_queues:105:5)
    at async onImport.tracePromise.__proto__ (node:internal/modules/esm/loader:691:26)
    at async asyncRunEntryPointWithESMLoader (node:internal/modules/run_main:101:5)
Emitted 'error' event on Server instance at:
    at emitErrorNT (node:net:1976:8)
    at process.processTicksAndRejections (node:internal/process/task_queues:90:21) {
  code: 'EADDRINUSE',
  errno: -48,
  syscall: 'listen',
  address: '::',
  port: 4000
}

Node.js v24.11.0
[31m[nodemon] app crashed - waiting for file changes before starting...[39m
[32m[nodemon] restarting due to changes...[39m
[32m[nodemon] starting `node index.js`[39m
firebase-admin initialized for API server
Kusgan API running on http://localhost:4000
[31m[nodemon] app crashed - waiting for file changes before starting...[39m
[32m[nodemon] restarting due to changes...[39m
[32m[nodemon] starting `node index.js`[39m
firebase-admin initialized for API server
node:events:486
      throw er; // Unhandled 'error' event
      ^

Error: listen EADDRINUSE: address already in use :::4000
    at Server.setupListenHandle [as _listen2] (node:net:1940:16)
    at listenInCluster (node:net:1997:12)
    at Server.listen (node:net:2102:7)
    at app.listen (/Users/johannalicup/kusgan-frontend/api/node_modules/express/lib/application.js:635:24)
    at file:///Users/johannalicup/kusgan-frontend/api/index.js:351:5
    at ModuleJob.run (node:internal/modules/esm/module_job:377:25)
    at process.processTicksAndRejections (node:internal/process/task_queues:105:5)
    at async onImport.tracePromise.__proto__ (node:internal/modules/esm/loader:691:26)
    at async asyncRunEntryPointWithESMLoader (node:internal/modules/run_main:101:5)
Emitted 'error' event on Server instance at:
    at emitErrorNT (node:net:1976:8)
    at process.processTicksAndRejections (node:internal/process/task_queues:90:21) {
  code: 'EADDRINUSE',
  errno: -48,
  syscall: 'listen',
  address: '::',
  port: 4000
}

Node.js v24.11.0
[31m[nodemon] app crashed - waiting for file changes before starting...[39m
[32m[nodemon] restarting due to changes...[39m
[32m[nodemon] starting `node index.js`[39m
firebase-admin initialized for API server
node:events:486
      throw er; // Unhandled 'error' event
      ^

Error: listen EADDRINUSE: address already in use :::4000
    at Server.setupListenHandle [as _listen2] (node:net:1940:16)
    at listenInCluster (node:net:1997:12)
    at Server.listen (node:net:2102:7)
    at app.listen (/Users/johannalicup/kusgan-frontend/api/node_modules/express/lib/application.js:635:24)
    at file:///Users/johannalicup/kusgan-frontend/api/index.js:351:5
    at ModuleJob.run (node:internal/modules/esm/module_job:377:25)
    at process.processTicksAndRejections (node:internal/process/task_queues:105:5)
    at async onImport.tracePromise.__proto__ (node:internal/modules/esm/loader:691:26)
    at async asyncRunEntryPointWithESMLoader (node:internal/modules/run_main:101:5)
Emitted 'error' event on Server instance at:
    at emitErrorNT (node:net:1976:8)
    at process.processTicksAndRejections (node:internal/process/task_queues:90:21) {
  code: 'EADDRINUSE',
  errno: -48,
  syscall: 'listen',
  address: '::',
  port: 4000
}

Node.js v24.11.0
[31m[nodemon] app crashed - waiting for file changes before starting...[39m
